<?xml version="1.0" encoding="UTF-8"?>
<testsuite xmlns:xsi="http://www.w3.org/2001/XMLSchema-instance" xsi:noNamespaceSchemaLocation="https://maven.apache.org/surefire/maven-surefire-plugin/xsd/surefire-test-report.xsd" name="com.AppTest" time="0.039" tests="1" errors="0" skipped="0" failures="0">
  <properties>
    <property name="java.specification.version" value="17"/>
    <property name="sun.cpu.isalist" value="amd64"/>
    <property name="sun.jnu.encoding" value="Cp1252"/>
    <property name="java.class.path" value="D:\Desktop\Java Full Stack - 2024 - Jan Batch\course 4\maven project\my-simple-maven\target\test-classes;D:\Desktop\Java Full Stack - 2024 - Jan Batch\course 4\maven project\my-simple-maven\target\classes;C:\Users\akash\.m2\repository\junit\junit\4.11\junit-4.11.jar;C:\Users\akash\.m2\repository\org\hamcrest\hamcrest-core\1.3\hamcrest-core-1.3.jar;"/>
    <property name="java.vm.vendor" value="Oracle Corporation"/>
    <property name="sun.arch.data.model" value="64"/>
    <property name="user.variant" value=""/>
    <property name="java.vendor.url" value="https://java.oracle.com/"/>
    <property name="user.timezone" value="Asia/Calcutta"/>
    <property name="user.country.format" value="AS"/>
    <property name="os.name" value="Windows 11"/>
    <property name="java.vm.specification.version" value="17"/>
    <property name="sun.java.launcher" value="SUN_STANDARD"/>
    <property name="user.country" value="US"/>
    <property name="sun.boot.library.path" value="C:\Program Files\Java\jdk-17.0.9\bin"/>
    <property name="sun.java.command" value="C:\Users\akash\AppData\Local\Temp\surefire7819823693187530562\surefirebooter3601070284559427766.jar C:\Users\akash\AppData\Local\Temp\surefire7819823693187530562 2024-07-19T07-00-17_340-jvmRun1 surefire15912877775379270193tmp surefire_017473139624668916187tmp"/>
    <property name="jdk.debug" value="release"/>
    <property name="surefire.test.class.path" value="D:\Desktop\Java Full Stack - 2024 - Jan Batch\course 4\maven project\my-simple-maven\target\test-classes;D:\Desktop\Java Full Stack - 2024 - Jan Batch\course 4\maven project\my-simple-maven\target\classes;C:\Users\akash\.m2\repository\junit\junit\4.11\junit-4.11.jar;C:\Users\akash\.m2\repository\org\hamcrest\hamcrest-core\1.3\hamcrest-core-1.3.jar;"/>
    <property name="sun.cpu.endian" value="little"/>
    <property name="user.home" value="C:\Users\akash"/>
    <property name="user.language" value="en"/>
    <property name="java.specification.vendor" value="Oracle Corporation"/>
    <property name="java.version.date" value="2023-10-17"/>
    <property name="java.home" value="C:\Program Files\Java\jdk-17.0.9"/>
    <property name="file.separator" value="\"/>
    <property name="basedir" value="D:\Desktop\Java Full Stack - 2024 - Jan Batch\course 4\maven project\my-simple-maven"/>
    <property name="java.vm.compressedOopsMode" value="Zero based"/>
    <property name="line.separator" value="&#10;"/>
    <property name="java.vm.specification.vendor" value="Oracle Corporation"/>
    <property name="java.specification.name" value="Java Platform API Specification"/>
    <property name="surefire.real.class.path" value="C:\Users\akash\AppData\Local\Temp\surefire7819823693187530562\surefirebooter3601070284559427766.jar"/>
    <property name="user.script" value=""/>
    <property name="sun.management.compiler" value="HotSpot 64-Bit Tiered Compilers"/>
    <property name="java.runtime.version" value="17.0.9+11-LTS-201"/>
    <property name="user.name" value="akash"/>
    <property name="path.separator" value=";"/>
    <property name="os.version" value="10.0"/>
    <property name="java.runtime.name" value="Java(TM) SE Runtime Environment"/>
    <property name="file.encoding" value="Cp1252"/>
    <property name="java.vm.name" value="Java HotSpot(TM) 64-Bit Server VM"/>
    <property name="localRepository" value="C:\Users\akash\.m2\repository"/>
    <property name="java.vendor.url.bug" value="https://bugreport.java.com/bugreport/"/>
    <property name="java.io.tmpdir" value="C:\Users\akash\AppData\Local\Temp\"/>
    <property name="java.version" value="17.0.9"/>
    <property name="user.dir" value="D:\Desktop\Java Full Stack - 2024 - Jan Batch\course 4\maven project\my-simple-maven"/>
    <property name="os.arch" value="amd64"/>
    <property name="java.vm.specification.name" value="Java Virtual Machine Specification"/>
    <property name="sun.os.patch.level" value=""/>
    <property name="native.encoding" value="Cp1252"/>
    <property name="java.library.path" value="C:\Program Files\Java\jdk-17.0.9\bin;C:\windows\Sun\Java\bin;C:\windows\system32;C:\windows;C:\Program Files (x86)\Common Files\Oracle\Java\java8path;C:\Program Files (x86)\Common Files\Oracle\Java\javapath;C:\Python312\Scripts\;C:\Python312\;C:\app\akash\product\21c\dbhomeXE\bin;C:\app\product\11.2.0\dbhome_1\bin;C:\Users\akash\Documents\product\11.2.0\dbhome_1\bin;E:\app\akash\product\12.1.0\dbhome_1\bin;C:\windows\system32;C:\windows;C:\windows\System32\Wbem;C:\windows\System32\WindowsPowerShell\v1.0\;C:\windows\System32\OpenSSH\;C:\Program Files\Kubernetes\Minikube;C:\Program Files\Docker\Docker\resources\bin;C:\ProgramData\chocolatey\bin;C:\terraform;C:\Program Files\Amazon\AWSCLIV2\;C:\Program Files\nodejs\;C:\Program Files\Git\cmd;C:\Users\akash\AppData\Local\Programs\Python\Python311\Scripts\;C:\Users\akash\AppData\Local\Programs\Python\Python311\;C:\Users\akash\AppData\Local\Microsoft\WindowsApps;C:\Program Files\apache-maven-3.8.7-bin\apache-maven-3.8.7\bin;C:\Users\akash\AppData\Local\gitkraken\bin;C:\Users\akash\AppData\Local\Programs\Microsoft VS Code\bin;C:\Program Files\Java\jdk-17.0.9\bin;C:\Program Files\apache-maven-3.9.6-bin\apache-maven-3.9.6\bin;C:\Users\akash\AppData\Local\Programs\Python\Python311;C:\Program Files\terraform;C:\Users\akash\AppData\Roaming\npm;C:\Program Files\PostgreSQL\16\bin;C:\Program Files\JetBrains\PyCharm 2023.3.4\bin;;C:\Program Files\JetBrains\IntelliJ IDEA 2023.3.5\bin;;;."/>
    <property name="java.vm.info" value="mixed mode, sharing"/>
    <property name="java.vendor" value="Oracle Corporation"/>
    <property name="java.vm.version" value="17.0.9+11-LTS-201"/>
    <property name="sun.io.unicode.encoding" value="UnicodeLittle"/>
    <property name="java.class.version" value="61.0"/>
  </properties>
  <testcase name="shouldAnswerWithTrue" classname="com.AppTest" time="0.001"/>
</testsuite>